2021-10-29 10:02:06,572 [Worker-1] INFO  c.g.t.t.d.PublishedGradleVersions - Gradle version information cache is up-to-date. Trying to read.
2021-10-29 19:19:11,032 [Worker-6] INFO  c.g.t.t.d.PublishedGradleVersions - Gradle version information cache is up-to-date. Trying to read.
2021-10-29 19:19:51,989 [Worker-0] INFO  c.g.t.t.d.PublishedGradleVersions - Gradle version information cache is up-to-date. Trying to read.
2021-12-09 10:41:38,621 [Worker-9: Loading available Gradle versions] INFO  c.g.t.t.d.PublishedGradleVersions - Gradle version information cache is up-to-date. Trying to read.
2021-12-31 21:28:16,062 [Worker-5: Loading available Gradle versions] INFO  c.g.t.t.d.PublishedGradleVersions - Gradle version information cache is up-to-date. Trying to read.
2021-12-31 21:28:24,543 [main] ERROR o.e.m.w.i.WTPResourcesContentProvider - Error getting pipelined children : Resource '/CodePeople' does not exist.
org.eclipse.core.internal.resources.ResourceException: Resource '/CodePeople' does not exist.
	at org.eclipse.core.internal.resources.Resource.checkExists(Resource.java:327) ~[na:na]
	at org.eclipse.core.internal.resources.Resource.checkAccessible(Resource.java:201) ~[na:na]
	at org.eclipse.core.internal.resources.Project.checkAccessible(Project.java:142) ~[na:na]
	at org.eclipse.core.internal.resources.Project.hasNature(Project.java:537) ~[na:na]
	at org.eclipse.m2e.wtp.internal.WTPResourcesContentProvider.getPipelinedChildren(WTPResourcesContentProvider.java:75) ~[na:na]
	at org.eclipse.ui.internal.navigator.extensions.SafeDelegateTreeContentProvider.getPipelinedChildren(SafeDelegateTreeContentProvider.java:172) [org.eclipse.ui.navigator_3.7.100.v20180524-1240.jar:na]
	at org.eclipse.ui.internal.navigator.NavigatorContentServiceContentProvider.pipelineChildren(NavigatorContentServiceContentProvider.java:210) [org.eclipse.ui.navigator_3.7.100.v20180524-1240.jar:na]
	at org.eclipse.ui.internal.navigator.NavigatorContentServiceContentProvider.access$1(NavigatorContentServiceContentProvider.java:198) [org.eclipse.ui.navigator_3.7.100.v20180524-1240.jar:na]
	at org.eclipse.ui.internal.navigator.NavigatorContentServiceContentProvider$1.run(NavigatorContentServiceContentProvider.java:166) [org.eclipse.ui.navigator_3.7.100.v20180524-1240.jar:na]
	at org.eclipse.core.runtime.SafeRunner.run(SafeRunner.java:42) [org.eclipse.equinox.common_3.10.0.v20180412-1130.jar:na]
	at org.eclipse.ui.internal.navigator.NavigatorContentServiceContentProvider.internalGetChildren(NavigatorContentServiceContentProvider.java:143) [org.eclipse.ui.navigator_3.7.100.v20180524-1240.jar:na]
	at org.eclipse.ui.internal.navigator.NavigatorContentServiceContentProvider.getChildren(NavigatorContentServiceContentProvider.java:129) [org.eclipse.ui.navigator_3.7.100.v20180524-1240.jar:na]
	at org.eclipse.jface.viewers.AbstractTreeViewer.getRawChildren(AbstractTreeViewer.java:1409) [org.eclipse.jface_3.14.0.v20180423-0714.jar:na]
	at org.eclipse.jface.viewers.TreeViewer.getRawChildren(TreeViewer.java:347) [org.eclipse.jface_3.14.0.v20180423-0714.jar:na]
	at org.eclipse.jface.viewers.StructuredViewer.getFilteredChildren(StructuredViewer.java:900) [org.eclipse.jface_3.14.0.v20180423-0714.jar:na]
	at org.eclipse.jface.viewers.AbstractTreeViewer.getSortedChildren(AbstractTreeViewer.java:618) [org.eclipse.jface_3.14.0.v20180423-0714.jar:na]
	at org.eclipse.jface.viewers.AbstractTreeViewer.createChildren(AbstractTreeViewer.java:810) [org.eclipse.jface_3.14.0.v20180423-0714.jar:na]
	at org.eclipse.jface.viewers.TreeViewer.createChildren(TreeViewer.java:601) [org.eclipse.jface_3.14.0.v20180423-0714.jar:na]
	at org.eclipse.jface.viewers.AbstractTreeViewer.createChildren(AbstractTreeViewer.java:763) [org.eclipse.jface_3.14.0.v20180423-0714.jar:na]
	at org.eclipse.jface.viewers.AbstractTreeViewer.setExpandedState(AbstractTreeViewer.java:2512) [org.eclipse.jface_3.14.0.v20180423-0714.jar:na]
	at org.python.pydev.navigator.actions.PyOpenPythonFileAction.run(PyOpenPythonFileAction.java:109) [pydev.jar:na]
	at org.eclipse.ui.actions.RetargetAction.run(RetargetAction.java:216) [org.eclipse.ui.workbench_3.111.0.v20180524-1156.jar:na]
	at org.eclipse.ui.navigator.CommonNavigatorManager$1.open(CommonNavigatorManager.java:180) [org.eclipse.ui.navigator_3.7.100.v20180524-1240.jar:na]
	at org.eclipse.ui.OpenAndLinkWithEditorHelper$InternalListener.open(OpenAndLinkWithEditorHelper.java:46) [org.eclipse.ui.workbench_3.111.0.v20180524-1156.jar:na]
	at org.eclipse.jface.viewers.StructuredViewer$2.run(StructuredViewer.java:850) [org.eclipse.jface_3.14.0.v20180423-0714.jar:na]
	at org.eclipse.core.runtime.SafeRunner.run(SafeRunner.java:42) [org.eclipse.equinox.common_3.10.0.v20180412-1130.jar:na]
	at org.eclipse.ui.internal.JFaceUtil.lambda$0(JFaceUtil.java:44) [org.eclipse.ui.workbench_3.111.0.v20180524-1156.jar:na]
	at org.eclipse.jface.util.SafeRunnable.run(SafeRunnable.java:173) ~[org.eclipse.jface_3.14.0.v20180423-0714.jar:na]
	at org.eclipse.jface.viewers.StructuredViewer.fireOpen(StructuredViewer.java:847) [org.eclipse.jface_3.14.0.v20180423-0714.jar:na]
	at org.eclipse.jface.viewers.StructuredViewer.handleOpen(StructuredViewer.java:1162) [org.eclipse.jface_3.14.0.v20180423-0714.jar:na]
	at org.eclipse.ui.navigator.CommonViewer.handleOpen(CommonViewer.java:451) ~[na:na]
	at org.eclipse.jface.util.OpenStrategy.fireOpenEvent(OpenStrategy.java:273) ~[org.eclipse.jface_3.14.0.v20180423-0714.jar:na]
	at org.eclipse.jface.util.OpenStrategy.access$2(OpenStrategy.java:268) ~[org.eclipse.jface_3.14.0.v20180423-0714.jar:na]
	at org.eclipse.jface.util.OpenStrategy$1.handleEvent(OpenStrategy.java:308) ~[org.eclipse.jface_3.14.0.v20180423-0714.jar:na]
	at org.eclipse.swt.widgets.EventTable.sendEvent(EventTable.java:86) ~[org.eclipse.swt.win32.win32.x86_64_3.107.0.v20180611-0422.jar:na]
	at org.eclipse.swt.widgets.Display.sendEvent(Display.java:4118) ~[org.eclipse.swt.win32.win32.x86_64_3.107.0.v20180611-0422.jar:na]
	at org.eclipse.swt.widgets.Widget.sendEvent(Widget.java:1052) ~[org.eclipse.swt.win32.win32.x86_64_3.107.0.v20180611-0422.jar:na]
	at org.eclipse.swt.widgets.Display.runDeferredEvents(Display.java:3931) ~[org.eclipse.swt.win32.win32.x86_64_3.107.0.v20180611-0422.jar:na]
	at org.eclipse.swt.widgets.Display.readAndDispatch(Display.java:3534) ~[org.eclipse.swt.win32.win32.x86_64_3.107.0.v20180611-0422.jar:na]
	at org.eclipse.e4.ui.internal.workbench.swt.PartRenderingEngine$5.run(PartRenderingEngine.java:1170) ~[org.eclipse.e4.ui.workbench.swt_0.14.200.v20180516-2019.jar:na]
	at org.eclipse.core.databinding.observable.Realm.runWithDefault(Realm.java:336) ~[org.eclipse.core.databinding.observable_1.6.200.v20180424-1922.jar:na]
	at org.eclipse.e4.ui.internal.workbench.swt.PartRenderingEngine.run(PartRenderingEngine.java:1059) ~[org.eclipse.e4.ui.workbench.swt_0.14.200.v20180516-2019.jar:na]
	at org.eclipse.e4.ui.internal.workbench.E4Workbench.createAndRunUI(E4Workbench.java:153) ~[org.eclipse.e4.ui.workbench_1.6.0.v20180516-2019.jar:na]
	at org.eclipse.ui.internal.Workbench.lambda$3(Workbench.java:667) ~[org.eclipse.ui.workbench_3.111.0.v20180524-1156.jar:na]
	at org.eclipse.core.databinding.observable.Realm.runWithDefault(Realm.java:336) ~[org.eclipse.core.databinding.observable_1.6.200.v20180424-1922.jar:na]
	at org.eclipse.ui.internal.Workbench.createAndRunWorkbench(Workbench.java:597) ~[org.eclipse.ui.workbench_3.111.0.v20180524-1156.jar:na]
	at org.eclipse.ui.PlatformUI.createAndRunWorkbench(PlatformUI.java:148) ~[org.eclipse.ui.workbench_3.111.0.v20180524-1156.jar:na]
	at org.eclipse.ui.internal.ide.application.IDEApplication.start(IDEApplication.java:152) ~[na:na]
	at org.eclipse.equinox.internal.app.EclipseAppHandle.run(EclipseAppHandle.java:196) ~[org.eclipse.equinox.app_1.3.500.v20171221-2204.jar:na]
	at org.eclipse.core.runtime.internal.adaptor.EclipseAppLauncher.runApplication(EclipseAppLauncher.java:134) ~[org.eclipse.osgi_3.13.0.v20180409-1500.jar:na]
	at org.eclipse.core.runtime.internal.adaptor.EclipseAppLauncher.start(EclipseAppLauncher.java:104) ~[org.eclipse.osgi_3.13.0.v20180409-1500.jar:na]
	at org.eclipse.core.runtime.adaptor.EclipseStarter.run(EclipseStarter.java:388) ~[org.eclipse.osgi_3.13.0.v20180409-1500.jar:na]
	at org.eclipse.core.runtime.adaptor.EclipseStarter.run(EclipseStarter.java:243) ~[org.eclipse.osgi_3.13.0.v20180409-1500.jar:na]
	at sun.reflect.NativeMethodAccessorImpl.invoke0(Native Method) ~[na:1.8.0_121]
	at sun.reflect.NativeMethodAccessorImpl.invoke(NativeMethodAccessorImpl.java:62) ~[na:1.8.0_121]
	at sun.reflect.DelegatingMethodAccessorImpl.invoke(DelegatingMethodAccessorImpl.java:43) ~[na:1.8.0_121]
	at java.lang.reflect.Method.invoke(Method.java:498) ~[na:1.8.0_121]
	at org.eclipse.equinox.launcher.Main.invokeFramework(Main.java:656) ~[org.eclipse.equinox.launcher_1.5.0.v20180512-1130.jar:na]
	at org.eclipse.equinox.launcher.Main.basicRun(Main.java:592) ~[org.eclipse.equinox.launcher_1.5.0.v20180512-1130.jar:na]
	at org.eclipse.equinox.launcher.Main.run(Main.java:1498) ~[org.eclipse.equinox.launcher_1.5.0.v20180512-1130.jar:na]
Caused by: java.lang.Exception: Resource '/CodePeople' does not exist.
	at org.eclipse.core.internal.resources.ResourceException.provideStackTrace(ResourceException.java:39) ~[na:na]
	at org.eclipse.core.internal.resources.ResourceException.<init>(ResourceException.java:35) ~[na:na]
	... 60 common frames omitted
2022-01-01 08:49:56,508 [Worker-9: Loading available Gradle versions] INFO  c.g.t.t.d.PublishedGradleVersions - Gradle version information cache is up-to-date. Trying to read.
2022-01-08 10:35:13,112 [Worker-7: Loading available Gradle versions] INFO  c.g.t.t.d.PublishedGradleVersions - Gradle version information cache is up-to-date. Trying to read.
2022-01-08 10:35:17,579 [main] ERROR o.e.m.w.i.WTPResourcesContentProvider - Error getting pipelined children : Resource '/CodePeople' does not exist.
org.eclipse.core.internal.resources.ResourceException: Resource '/CodePeople' does not exist.
	at org.eclipse.core.internal.resources.Resource.checkExists(Resource.java:327) ~[na:na]
	at org.eclipse.core.internal.resources.Resource.checkAccessible(Resource.java:201) ~[na:na]
	at org.eclipse.core.internal.resources.Project.checkAccessible(Project.java:142) ~[na:na]
	at org.eclipse.core.internal.resources.Project.hasNature(Project.java:537) ~[na:na]
	at org.eclipse.m2e.wtp.internal.WTPResourcesContentProvider.getPipelinedChildren(WTPResourcesContentProvider.java:75) ~[na:na]
	at org.eclipse.ui.internal.navigator.extensions.SafeDelegateTreeContentProvider.getPipelinedChildren(SafeDelegateTreeContentProvider.java:172) [org.eclipse.ui.navigator_3.7.100.v20180524-1240.jar:na]
	at org.eclipse.ui.internal.navigator.NavigatorContentServiceContentProvider.pipelineChildren(NavigatorContentServiceContentProvider.java:210) [org.eclipse.ui.navigator_3.7.100.v20180524-1240.jar:na]
	at org.eclipse.ui.internal.navigator.NavigatorContentServiceContentProvider.access$1(NavigatorContentServiceContentProvider.java:198) [org.eclipse.ui.navigator_3.7.100.v20180524-1240.jar:na]
	at org.eclipse.ui.internal.navigator.NavigatorContentServiceContentProvider$1.run(NavigatorContentServiceContentProvider.java:166) [org.eclipse.ui.navigator_3.7.100.v20180524-1240.jar:na]
	at org.eclipse.core.runtime.SafeRunner.run(SafeRunner.java:42) [org.eclipse.equinox.common_3.10.0.v20180412-1130.jar:na]
	at org.eclipse.ui.internal.navigator.NavigatorContentServiceContentProvider.internalGetChildren(NavigatorContentServiceContentProvider.java:143) [org.eclipse.ui.navigator_3.7.100.v20180524-1240.jar:na]
	at org.eclipse.ui.internal.navigator.NavigatorContentServiceContentProvider.getChildren(NavigatorContentServiceContentProvider.java:129) [org.eclipse.ui.navigator_3.7.100.v20180524-1240.jar:na]
	at org.eclipse.jface.viewers.AbstractTreeViewer.getRawChildren(AbstractTreeViewer.java:1409) [org.eclipse.jface_3.14.0.v20180423-0714.jar:na]
	at org.eclipse.jface.viewers.TreeViewer.getRawChildren(TreeViewer.java:347) [org.eclipse.jface_3.14.0.v20180423-0714.jar:na]
	at org.eclipse.jface.viewers.StructuredViewer.getFilteredChildren(StructuredViewer.java:900) [org.eclipse.jface_3.14.0.v20180423-0714.jar:na]
	at org.eclipse.jface.viewers.AbstractTreeViewer.getSortedChildren(AbstractTreeViewer.java:618) [org.eclipse.jface_3.14.0.v20180423-0714.jar:na]
	at org.eclipse.jface.viewers.AbstractTreeViewer.createChildren(AbstractTreeViewer.java:810) [org.eclipse.jface_3.14.0.v20180423-0714.jar:na]
	at org.eclipse.jface.viewers.TreeViewer.createChildren(TreeViewer.java:601) [org.eclipse.jface_3.14.0.v20180423-0714.jar:na]
	at org.eclipse.jface.viewers.AbstractTreeViewer.createChildren(AbstractTreeViewer.java:763) [org.eclipse.jface_3.14.0.v20180423-0714.jar:na]
	at org.eclipse.jface.viewers.AbstractTreeViewer.setExpandedState(AbstractTreeViewer.java:2512) [org.eclipse.jface_3.14.0.v20180423-0714.jar:na]
	at org.python.pydev.navigator.actions.PyOpenPythonFileAction.run(PyOpenPythonFileAction.java:109) [pydev.jar:na]
	at org.eclipse.ui.actions.RetargetAction.run(RetargetAction.java:216) [org.eclipse.ui.workbench_3.111.0.v20180524-1156.jar:na]
	at org.eclipse.ui.navigator.CommonNavigatorManager$1.open(CommonNavigatorManager.java:180) [org.eclipse.ui.navigator_3.7.100.v20180524-1240.jar:na]
	at org.eclipse.ui.OpenAndLinkWithEditorHelper$InternalListener.open(OpenAndLinkWithEditorHelper.java:46) [org.eclipse.ui.workbench_3.111.0.v20180524-1156.jar:na]
	at org.eclipse.jface.viewers.StructuredViewer$2.run(StructuredViewer.java:850) [org.eclipse.jface_3.14.0.v20180423-0714.jar:na]
	at org.eclipse.core.runtime.SafeRunner.run(SafeRunner.java:42) [org.eclipse.equinox.common_3.10.0.v20180412-1130.jar:na]
	at org.eclipse.ui.internal.JFaceUtil.lambda$0(JFaceUtil.java:44) [org.eclipse.ui.workbench_3.111.0.v20180524-1156.jar:na]
	at org.eclipse.jface.util.SafeRunnable.run(SafeRunnable.java:173) ~[org.eclipse.jface_3.14.0.v20180423-0714.jar:na]
	at org.eclipse.jface.viewers.StructuredViewer.fireOpen(StructuredViewer.java:847) [org.eclipse.jface_3.14.0.v20180423-0714.jar:na]
	at org.eclipse.jface.viewers.StructuredViewer.handleOpen(StructuredViewer.java:1162) [org.eclipse.jface_3.14.0.v20180423-0714.jar:na]
	at org.eclipse.ui.navigator.CommonViewer.handleOpen(CommonViewer.java:451) ~[na:na]
	at org.eclipse.jface.util.OpenStrategy.fireOpenEvent(OpenStrategy.java:273) ~[org.eclipse.jface_3.14.0.v20180423-0714.jar:na]
	at org.eclipse.jface.util.OpenStrategy.access$2(OpenStrategy.java:268) ~[org.eclipse.jface_3.14.0.v20180423-0714.jar:na]
	at org.eclipse.jface.util.OpenStrategy$1.handleEvent(OpenStrategy.java:308) ~[org.eclipse.jface_3.14.0.v20180423-0714.jar:na]
	at org.eclipse.swt.widgets.EventTable.sendEvent(EventTable.java:86) ~[org.eclipse.swt.win32.win32.x86_64_3.107.0.v20180611-0422.jar:na]
	at org.eclipse.swt.widgets.Display.sendEvent(Display.java:4118) ~[org.eclipse.swt.win32.win32.x86_64_3.107.0.v20180611-0422.jar:na]
	at org.eclipse.swt.widgets.Widget.sendEvent(Widget.java:1052) ~[org.eclipse.swt.win32.win32.x86_64_3.107.0.v20180611-0422.jar:na]
	at org.eclipse.swt.widgets.Display.runDeferredEvents(Display.java:3931) ~[org.eclipse.swt.win32.win32.x86_64_3.107.0.v20180611-0422.jar:na]
	at org.eclipse.swt.widgets.Display.readAndDispatch(Display.java:3534) ~[org.eclipse.swt.win32.win32.x86_64_3.107.0.v20180611-0422.jar:na]
	at org.eclipse.e4.ui.internal.workbench.swt.PartRenderingEngine$5.run(PartRenderingEngine.java:1170) ~[org.eclipse.e4.ui.workbench.swt_0.14.200.v20180516-2019.jar:na]
	at org.eclipse.core.databinding.observable.Realm.runWithDefault(Realm.java:336) ~[org.eclipse.core.databinding.observable_1.6.200.v20180424-1922.jar:na]
	at org.eclipse.e4.ui.internal.workbench.swt.PartRenderingEngine.run(PartRenderingEngine.java:1059) ~[org.eclipse.e4.ui.workbench.swt_0.14.200.v20180516-2019.jar:na]
	at org.eclipse.e4.ui.internal.workbench.E4Workbench.createAndRunUI(E4Workbench.java:153) ~[org.eclipse.e4.ui.workbench_1.6.0.v20180516-2019.jar:na]
	at org.eclipse.ui.internal.Workbench.lambda$3(Workbench.java:667) ~[org.eclipse.ui.workbench_3.111.0.v20180524-1156.jar:na]
	at org.eclipse.core.databinding.observable.Realm.runWithDefault(Realm.java:336) ~[org.eclipse.core.databinding.observable_1.6.200.v20180424-1922.jar:na]
	at org.eclipse.ui.internal.Workbench.createAndRunWorkbench(Workbench.java:597) ~[org.eclipse.ui.workbench_3.111.0.v20180524-1156.jar:na]
	at org.eclipse.ui.PlatformUI.createAndRunWorkbench(PlatformUI.java:148) ~[org.eclipse.ui.workbench_3.111.0.v20180524-1156.jar:na]
	at org.eclipse.ui.internal.ide.application.IDEApplication.start(IDEApplication.java:152) ~[na:na]
	at org.eclipse.equinox.internal.app.EclipseAppHandle.run(EclipseAppHandle.java:196) ~[org.eclipse.equinox.app_1.3.500.v20171221-2204.jar:na]
	at org.eclipse.core.runtime.internal.adaptor.EclipseAppLauncher.runApplication(EclipseAppLauncher.java:134) ~[org.eclipse.osgi_3.13.0.v20180409-1500.jar:na]
	at org.eclipse.core.runtime.internal.adaptor.EclipseAppLauncher.start(EclipseAppLauncher.java:104) ~[org.eclipse.osgi_3.13.0.v20180409-1500.jar:na]
	at org.eclipse.core.runtime.adaptor.EclipseStarter.run(EclipseStarter.java:388) ~[org.eclipse.osgi_3.13.0.v20180409-1500.jar:na]
	at org.eclipse.core.runtime.adaptor.EclipseStarter.run(EclipseStarter.java:243) ~[org.eclipse.osgi_3.13.0.v20180409-1500.jar:na]
	at sun.reflect.NativeMethodAccessorImpl.invoke0(Native Method) ~[na:1.8.0_121]
	at sun.reflect.NativeMethodAccessorImpl.invoke(NativeMethodAccessorImpl.java:62) ~[na:1.8.0_121]
	at sun.reflect.DelegatingMethodAccessorImpl.invoke(DelegatingMethodAccessorImpl.java:43) ~[na:1.8.0_121]
	at java.lang.reflect.Method.invoke(Method.java:498) ~[na:1.8.0_121]
	at org.eclipse.equinox.launcher.Main.invokeFramework(Main.java:656) ~[org.eclipse.equinox.launcher_1.5.0.v20180512-1130.jar:na]
	at org.eclipse.equinox.launcher.Main.basicRun(Main.java:592) ~[org.eclipse.equinox.launcher_1.5.0.v20180512-1130.jar:na]
	at org.eclipse.equinox.launcher.Main.run(Main.java:1498) ~[org.eclipse.equinox.launcher_1.5.0.v20180512-1130.jar:na]
Caused by: java.lang.Exception: Resource '/CodePeople' does not exist.
	at org.eclipse.core.internal.resources.ResourceException.provideStackTrace(ResourceException.java:39) ~[na:na]
	at org.eclipse.core.internal.resources.ResourceException.<init>(ResourceException.java:35) ~[na:na]
	... 60 common frames omitted
2022-01-08 11:26:03,996 [Worker-1: Loading available Gradle versions] INFO  c.g.t.t.d.PublishedGradleVersions - Gradle version information cache is up-to-date. Trying to read.
